#
# There is insufficient memory for the Java Runtime Environment to continue.
# Native memory allocation (mmap) failed to map 134217728 bytes for Failed to commit area from 0x0000000081400000 to 0x0000000089400000 of length 134217728.
# Possible reasons:
#   The system is out of physical RAM or swap space
#   The process is running with CompressedOops enabled, and the Java Heap may be blocking the growth of the native heap
# Possible solutions:
#   Reduce memory load on the system
#   Increase physical memory or swap space
#   Check if swap backing store is full
#   Decrease Java heap size (-Xmx/-Xms)
#   Decrease number of Java threads
#   Decrease Java thread stack sizes (-Xss)
#   Set larger code cache with -XX:ReservedCodeCacheSize=
# This output file may be truncated or incomplete.
#
#  Out of Memory Error (c:/BuildAgent/work/5ff2f6c26000d570/src/hotspot/os/windows/os_windows.cpp:3296), pid=729824, tid=729860
#
# JRE version:  (11.0.6+8) (build )
# Java VM: OpenJDK 64-Bit Server VM (11.0.6+8-b520.43, mixed mode, sharing, tiered, compressed oops, g1 gc, windows-amd64)
# No core dump will be written. Minidumps are not enabled by default on client versions of Windows
#

---------------  S U M M A R Y ------------

Command Line: org.jetbrains.git4idea.http.GitAskPassApp Username for 'https://codehub.devcloud.cn-north-4.huaweicloud.com': 

Host: Intel(R) Core(TM) i7-9750H CPU @ 2.60GHz, 12 cores, 7G,  Windows 10 , 64 bit Build 18362 (10.0.18362.1110)
Time: Sun Jan  3 20:59:30 2021 ?D1¨²¡À¨º¡Á?¨º¡À?? elapsed time: 0 seconds (0d 0h 0m 0s)

---------------  T H R E A D  ---------------

Current thread (0x000001873928c800):  JavaThread "Unknown thread" [_thread_in_vm, id=729860, stack(0x0000000100600000,0x0000000100700000)]

Stack: [0x0000000100600000,0x0000000100700000]
Native frames: (J=compiled Java code, j=interpreted, Vv=VM code, C=native code)
V  [jvm.dll+0x5de31a]
V  [jvm.dll+0x710ae5]
V  [jvm.dll+0x712005]
V  [jvm.dll+0x7126b3]
V  [jvm.dll+0x23e3a8]
V  [jvm.dll+0x5db814]
V  [jvm.dll+0x5d0a35]
V  [jvm.dll+0x2faeeb]
V  [jvm.dll+0x2fae5a]
V  [jvm.dll+0x2fad32]
V  [jvm.dll+0x2ffc06]
V  [jvm.dll+0x348483]
V  [jvm.dll+0x348b86]
V  [jvm.dll+0x348583]
V  [jvm.dll+0x2d57b8]
V  [jvm.dll+0x2d6957]
V  [jvm.dll+0x6ef8a7]
V  [jvm.dll+0x6f109c]
V  [jvm.dll+0x355a79]
V  [jvm.dll+0x6d49ee]
V  [jvm.dll+0x3bf0a3]
V  [jvm.dll+0x3c15c1]
C  [jli.dll+0x5363]
C  [ucrtbase.dll+0x210b2]
C  [KERNEL32.DLL+0x17c24]
C  [ntdll.dll+0x6d4d1]


---------------  P R O C E S S  ---------------

Threads class SMR info:
_java_thread_list=0x00000187390a51f0, length=0, elements={
}

Java Threads: ( => current thread )

Other Threads:
  0x00000187392a4800 GCTaskThread "GC Thread#0" [stack: 0x0000000100700000,0x0000000100800000] [id=729864]
  0x00000187392d4800 ConcurrentGCThread "G1 Main Marker" [stack: 0x0000000100800000,0x0000000100900000] [id=729868]
  0x00000187392d6000 ConcurrentGCThread "G1 Conc#0" [stack: 0x0000000100900000,0x0000000100a00000] [id=729872]

[error occurred during error reporting (printing all threads), id 0xc0000005, EXCEPTION_ACCESS_VIOLATION (0xc0000005) at pc=0x00007ff8af0a6027]

VM state:not at safepoint (not fully initialized)

VM Mutex/Monitor currently owned by a thread:  ([mutex/lock_event])
[0x000001873928ac30] Heap_lock - owner thread: 0x000001873928c800

Heap address: 0x0000000081400000, size: 2028 MB, Compressed Oops mode: Non-zero based: 0x0000000081400000
Narrow klass base: 0x0000000000000000, Narrow klass shift: 0

GC Heap History (0 events):
No events

Deoptimization events (0 events):
No events

Classes redefined (0 events):
No events

Internal exceptions (0 events):
No events

Events (2 events):
Event: 0.022 Loaded shared library D:\idea2019\IntelliJ IDEA 2019.3.4\jbr\bin\zip.dll
Event: 0.022 Loaded shared library D:\idea2019\IntelliJ IDEA 2019.3.4\jbr\bin\jimage.dll


Dynamic libraries:
0x00007ff77b360000 - 0x00007ff77b36a000 	D:\idea2019\IntelliJ IDEA 2019.3.4\jbr\bin\java.exe
0x00007ff907de0000 - 0x00007ff907fd0000 	C:\WINDOWS\SYSTEM32\ntdll.dll
0x00007ff906560000 - 0x00007ff906612000 	C:\WINDOWS\System32\KERNEL32.DLL
0x00007ff905970000 - 0x00007ff905c15000 	C:\WINDOWS\System32\KERNELBASE.dll
0x00007ff9056d0000 - 0x00007ff9057ca000 	C:\WINDOWS\System32\ucrtbase.dll
0x00007ff8fd420000 - 0x00007ff8fd439000 	D:\idea2019\IntelliJ IDEA 2019.3.4\jbr\bin\jli.dll
0x00007ff8df920000 - 0x00007ff8df937000 	D:\idea2019\IntelliJ IDEA 2019.3.4\jbr\bin\VCRUNTIME140.dll
0x00007ff907350000 - 0x00007ff9074e4000 	C:\WINDOWS\System32\USER32.dll
0x00007ff905cb0000 - 0x00007ff905cd1000 	C:\WINDOWS\System32\win32u.dll
0x00007ff906a50000 - 0x00007ff906a76000 	C:\WINDOWS\System32\GDI32.dll
0x00007ff9054e0000 - 0x00007ff905676000 	C:\WINDOWS\System32\gdi32full.dll
0x00007ff905ce0000 - 0x00007ff905d7e000 	C:\WINDOWS\System32\msvcp_win.dll
0x00007ff8ef910000 - 0x00007ff8efb94000 	C:\WINDOWS\WinSxS\amd64_microsoft.windows.common-controls_6595b64144ccf1df_6.0.18362.1256_none_9e7e379be45e40e2\COMCTL32.dll
0x00007ff905fe0000 - 0x00007ff90607e000 	C:\WINDOWS\System32\msvcrt.dll
0x00007ff907550000 - 0x00007ff907886000 	C:\WINDOWS\System32\combase.dll
0x00007ff906b40000 - 0x00007ff906c60000 	C:\WINDOWS\System32\RPCRT4.dll
0x00007ff905c20000 - 0x00007ff905ca1000 	C:\WINDOWS\System32\bcryptPrimitives.dll
0x00007ff905e90000 - 0x00007ff905ebe000 	C:\WINDOWS\System32\IMM32.DLL
0x00007ff8ca960000 - 0x00007ff8ca9fd000 	D:\idea2019\IntelliJ IDEA 2019.3.4\jbr\bin\msvcp140.dll
0x00007ff8aedc0000 - 0x00007ff8af87d000 	D:\idea2019\IntelliJ IDEA 2019.3.4\jbr\bin\server\jvm.dll
0x00007ff907c70000 - 0x00007ff907d13000 	C:\WINDOWS\System32\ADVAPI32.dll
0x00007ff905ec0000 - 0x00007ff905f57000 	C:\WINDOWS\System32\sechost.dll
0x00007ff907d90000 - 0x00007ff907d98000 	C:\WINDOWS\System32\PSAPI.DLL
0x00007ff8fd6c0000 - 0x00007ff8fd6ca000 	C:\WINDOWS\SYSTEM32\VERSION.dll
0x00007ff9028f0000 - 0x00007ff902914000 	C:\WINDOWS\SYSTEM32\WINMM.dll
0x00007ff902a90000 - 0x00007ff902a99000 	C:\WINDOWS\SYSTEM32\WSOCK32.dll
0x00007ff906870000 - 0x00007ff9068df000 	C:\WINDOWS\System32\WS2_32.dll
0x00007ff9028c0000 - 0x00007ff9028ed000 	C:\WINDOWS\SYSTEM32\WINMMBASE.dll
0x00007ff9057d0000 - 0x00007ff90581a000 	C:\WINDOWS\System32\cfgmgr32.dll
0x00007ff904ce0000 - 0x00007ff904cf1000 	C:\WINDOWS\System32\kernel.appcore.dll
0x00007ff8ff750000 - 0x00007ff8ff761000 	D:\idea2019\IntelliJ IDEA 2019.3.4\jbr\bin\verify.dll
0x00007ff903570000 - 0x00007ff903764000 	C:\WINDOWS\SYSTEM32\DBGHELP.DLL
0x00007ff8f2660000 - 0x00007ff8f268a000 	C:\WINDOWS\SYSTEM32\dbgcore.DLL
0x00007ff8f8570000 - 0x00007ff8f8599000 	D:\idea2019\IntelliJ IDEA 2019.3.4\jbr\bin\java.dll
0x00007ff8faf60000 - 0x00007ff8faf78000 	D:\idea2019\IntelliJ IDEA 2019.3.4\jbr\bin\zip.dll
0x00007ff8f9890000 - 0x00007ff8f989b000 	D:\idea2019\IntelliJ IDEA 2019.3.4\jbr\bin\jimage.dll

dbghelp: loaded successfully - version: 4.0.5 - missing functions: none
symbol engine: initialized successfully - sym options: 0x614 - pdb path: .;D:\idea2019\IntelliJ IDEA 2019.3.4\jbr\bin;C:\WINDOWS\SYSTEM32;C:\WINDOWS\WinSxS\amd64_microsoft.windows.common-controls_6595b64144ccf1df_6.0.18362.1256_none_9e7e379be45e40e2;D:\idea2019\IntelliJ IDEA 2019.3.4\jbr\bin\server

VM Arguments:
java_command: org.jetbrains.git4idea.http.GitAskPassApp Username for 'https://codehub.devcloud.cn-north-4.huaweicloud.com': 
java_class_path (initial): D:/idea2019/IntelliJ IDEA 2019.3.4/plugins/git4idea/lib/git4idea-rt.jar;D:/idea2019/IntelliJ IDEA 2019.3.4/lib/xmlrpc-2.0.1.jar;D:/idea2019/IntelliJ IDEA 2019.3.4/lib/commons-codec-1.13.jar;D:/idea2019/IntelliJ IDEA 2019.3.4/lib/util.jar
Launcher Type: SUN_STANDARD

[Global flags]
     intx CICompilerCount                          = 4                                         {product} {ergonomic}
     uint ConcGCThreads                            = 3                                         {product} {ergonomic}
     uint G1ConcRefinementThreads                  = 10                                        {product} {ergonomic}
   size_t G1HeapRegionSize                         = 1048576                                   {product} {ergonomic}
    uintx GCDrainStackTargetSize                   = 64                                        {product} {ergonomic}
   size_t InitialHeapSize                          = 134217728                                 {product} {ergonomic}
   size_t MarkStackSize                            = 4194304                                   {product} {ergonomic}
   size_t MaxHeapSize                              = 2126512128                                {product} {ergonomic}
   size_t MinHeapDeltaBytes                        = 1048576                                   {product} {ergonomic}
    uintx NonNMethodCodeHeapSize                   = 5836300                                {pd product} {ergonomic}
    uintx NonProfiledCodeHeapSize                  = 122910970                              {pd product} {ergonomic}
    uintx ProfiledCodeHeapSize                     = 122910970                              {pd product} {ergonomic}
    uintx ReservedCodeCacheSize                    = 251658240                              {pd product} {ergonomic}
     bool SegmentedCodeCache                       = true                                      {product} {ergonomic}
     bool UseCompressedClassPointers               = true                                 {lp64_product} {ergonomic}
     bool UseCompressedOops                        = true                                 {lp64_product} {ergonomic}
     bool UseG1GC                                  = true                                      {product} {ergonomic}
     bool UseLargePagesIndividualAllocation        = false                                  {pd product} {ergonomic}

Logging:
Log output configuration:
 #0: stdout all=warning uptime,level,tags
 #1: stderr all=off uptime,level,tags

Environment Variables:
JAVA_HOME=D:\Java1.8\jdk
CLASSPATH=.;D:\Java1.8\jdk\lib\dt.jar;D:\Java1.8\jdk\lib\tools.jar;
PATH=D:\Git\Git\mingw64\libexec\git-core;D:\Git\Git\mingw64\libexec\git-core;D:\Git\Git\mingw64\bin;D:\Git\Git\usr\bin;C:\Users\Lenovo\bin;C:\Program Files (x86)\Common Files\Oracle\Java\javapath;D:\python\Scripts;D:\python;C:\Windows\system32;C:\Windows;C:\Windows\System32\Wbem;C:\Windows\System32\WindowsPowerShell\v1.0;C:\Windows\System32\OpenSSH;C:\Program Files (x86)\NVIDIA Corporation\PhysX\Common;C:\Program Files\NVIDIA Corporation\NVIDIA NGX;C:\Program Files\NVIDIA Corporation\NVIDIA NvDLISR;C:\WINDOWS\system32;C:\WINDOWS;C:\WINDOWS\System32\Wbem;C:\WINDOWS\System32\WindowsPowerShell\v1.0;C:\WINDOWS\System32\OpenSSH;D:\Java1.8\jdkjdk\bin;D:\Java1.8\jdk\jre\bin;D:\Dev-Cpp\MinGW64\bin;D:\mingw64\bin;F:\Mysql\bin;C:\Program Files\dotnet;C:\Program Files\Microsoft SQL Server\130\Tools\Binn;F:\maven3.6\bin;F:\bin;F:\MySql5.5\bin;D:\GoLand\GoLand 2019.2.3\bin;D:\GoLand\bin;%MAVEN_HOME%\bin;F:\apache-maven-3.6.3\bin;D:\Git\Git\cmd;C:\Program Files\TortoiseGit\bin;C:\Users\Lenovo\AppData\Local\Microsoft\WindowsApps;D:\Microsoft VS Code\bin;D:\IntelliJ IDEA Community Edition 2020.2.3\bin;D:\PyCharm Community Edition 2020.2.3\bin;D:\idea2019\IntelliJ IDEA 2019.3.4\bin;%GoLand%;D:\PyCharm2020.2.5\PyCharm 2020.2.5\bin;C:\Users\Lenovo\go\bin
USERNAME=Lenovo
DISPLAY=:0.0
OS=Windows_NT
PROCESSOR_IDENTIFIER=Intel64 Family 6 Model 158 Stepping 10, GenuineIntel



---------------  S Y S T E M  ---------------

OS: Windows 10 , 64 bit Build 18362 (10.0.18362.1110)

CPU:total 12 (initial active 12) (6 cores per cpu, 2 threads per core) family 6 model 158 stepping 10, cmov, cx8, fxsr, mmx, sse, sse2, sse3, ssse3, sse4.1, sse4.2, popcnt, avx, avx2, aes, clmul, erms, 3dnowpref, lzcnt, ht, tsc, tscinvbit, bmi1, bmi2, adx, fma

Memory: 4k page, system-wide physical 8111M (399M free)
TotalPageFile size 32687M (AvailPageFile size 60M)
current process WorkingSet (physical memory assigned to process): 10M, peak: 10M
current process commit charge ("private bytes"): 64M, peak: 192M

vm_info: OpenJDK 64-Bit Server VM (11.0.6+8-b520.43) for windows-amd64 JRE (11.0.6+8-b520.43), built on Feb  3 2020 14:18:56 by "" with MS VC++ 14.0 (VS2015)

END.
